<?xml version="1.0" encoding="UTF-8"?>
<!-- Generated by org.testng.reporters.JUnitReportReporter -->
<testsuite skipped="0" hostname="DESKTOP-JQ9RHBK" name="com.nopcommerce.testCases.TC_LoginTest_001" tests="1" failures="0" timestamp="05 Apr 2020 14:33:42 GMT" time="60.049" errors="0">
  <testcase name="loginTest" time="60.049" classname="com.nopcommerce.testCases.TC_LoginTest_001"/>
</testsuite> <!-- com.nopcommerce.testCases.TC_LoginTest_001 -->
